[debug] ----------------------------------------------------------------------
[debug] Command:      /usr/local/bin/node /usr/local/bin/firebase deploy
[debug] CLI Version:  3.6.0
[debug] Platform:     darwin
[debug] Node Version: v6.10.0
[debug] Time:         Sun Apr 23 2017 01:07:41 GMT+0530 (IST)
[debug] ----------------------------------------------------------------------
[debug] 
[debug] > command requires scopes: ["email","openid","https://www.googleapis.com/auth/cloudplatformprojects.readonly","https://www.googleapis.com/auth/firebase","https://www.googleapis.com/auth/cloud-platform"]
[debug] >>> HTTP REQUEST GET https://admin.firebase.com/v1/projects/personal-site-77041  
 Sun Apr 23 2017 01:07:42 GMT+0530 (IST)
[debug] <<< HTTP RESPONSE 200
[debug] >>> HTTP REQUEST GET https://admin.firebase.com/v1/database/personal-site-77041/tokens  
 Sun Apr 23 2017 01:07:44 GMT+0530 (IST)
[debug] <<< HTTP RESPONSE 200
[info] 
[info] === Deploying to 'personal-site-77041'...
[info] 
[info] i  deploying hosting
[info] i  hosting: preparing . directory for upload...
[debug] >>> HTTP REQUEST PUT https://deploy.firebase.com/v1/hosting/personal-site-77041/uploads/-KiM9ts8QTsleGFwIAmO?fileCount=48&message=  
 Sun Apr 23 2017 01:07:51 GMT+0530 (IST)
